<?xml version="1.0" encoding="UTF-8"?>
<!-- Generated by org.testng.reporters.JUnitReportReporter -->
<testsuite hostname="DESKTOP-R95C30S" failures="0" tests="2" name="test.TestLoginPage" time="38.157" errors="0" timestamp="4 Feb 2018 23:04:09 GMT">
  <testcase classname="test.TestLoginPage" name="testLogin" time="24.342"/>
  <testcase classname="test.TestLoginPage" name="testLogin" time="13.815"/>
</testsuite> <!-- test.TestLoginPage -->
