<?xml version="1.0" encoding="UTF-8"?>
<!-- Generated by org.testng.reporters.JUnitReportReporter -->
<testsuite hostname="DESKTOP-R95C30S" failures="0" tests="11" name="test.TestProfilePageDB" time="4.247" errors="0" timestamp="5 Feb 2018 11:16:21 GMT">
  <testcase classname="test.TestProfilePageDB" name="activeEqual" time="0.520"/>
  <testcase classname="test.TestProfilePageDB" name="birthEqual" time="0.791"/>
  <testcase classname="test.TestProfilePageDB" name="firstNameEqual" time="0.516"/>
  <testcase classname="test.TestProfilePageDB" name="lastNameEqual" time="0.460"/>
  <testcase classname="test.TestProfilePageDB" name="skypeEqual" time="0.395"/>
  <testcase classname="test.TestProfilePageDB" name="midNameEqual" time="0.520"/>
  <testcase classname="test.TestProfilePageDB" name="phoneEqual" time="0.441"/>
  <testcase classname="test.TestProfilePageDB" name="emailEqual" time="0.461"/>
  <testcase classname="test.TestProfilePageDB" name="testEmail" time="0.075"/>
  <testcase classname="test.TestProfilePageDB" name="birthValid" time="0.000"/>
  <testcase classname="test.TestProfilePageDB" name="testPhone" time="0.068"/>
</testsuite> <!-- test.TestProfilePageDB -->
