<?xml version="1.0" encoding="UTF-8"?>
<!-- Generated by org.testng.reporters.JUnitReportReporter -->
<testsuite hostname="DESKTOP-R95C30S" failures="0" tests="1" name="test.TestProfilePage" time="22.334" errors="0" timestamp="4 Feb 2018 22:08:27 GMT">
  <testcase classname="test.TestProfilePage" name="activeEqual" time="22.334"/>
</testsuite> <!-- test.TestProfilePage -->
