<?xml version="1.0" encoding="UTF-8"?>
<!-- Generated by org.testng.reporters.JUnitReportReporter -->
<testsuite hostname="DESKTOP-R95C30S" failures="0" tests="2" name="test.TestLoginPage" time="29.649" errors="0" timestamp="2 Feb 2018 18:18:22 GMT">
  <testcase classname="test.TestLoginPage" name="testLogin" time="21.187"/>
  <testcase classname="test.TestLoginPage" name="testLogin" time="8.462"/>
</testsuite> <!-- test.TestLoginPage -->
