<?xml version="1.0" encoding="UTF-8"?>
<!-- Generated by org.testng.reporters.JUnitReportReporter -->
<testsuite hostname="DESKTOP-R95C30S" failures="0" tests="7" name="test.TestProfilePage" time="0.446" errors="0" timestamp="5 Feb 2018 11:10:27 GMT">
  <testcase classname="test.TestProfilePage" name="skypeEqual" time="0.058"/>
  <testcase classname="test.TestProfilePage" name="birthValid" time="0.002"/>
  <testcase classname="test.TestProfilePage" name="lastNameEqual" time="0.074"/>
  <testcase classname="test.TestProfilePage" name="firstNameEqual" time="0.134"/>
  <testcase classname="test.TestProfilePage" name="phoneEqual" time="0.072"/>
  <testcase classname="test.TestProfilePage" name="birthEqual" time="0.006"/>
  <testcase classname="test.TestProfilePage" name="midNameEqual" time="0.100"/>
</testsuite> <!-- test.TestProfilePage -->
