<?xml version="1.0" encoding="UTF-8"?>
<!-- Generated by org.testng.reporters.JUnitReportReporter -->
<testsuite hostname="DESKTOP-R95C30S" failures="0" tests="1" name="test.TestLoginPage" time="0.288" errors="0" timestamp="1 Feb 2018 00:48:02 GMT">
  <testcase classname="test.TestLoginPage" name="testLogin" time="0.288"/>
</testsuite> <!-- test.TestLoginPage -->
