<?xml version="1.0" encoding="UTF-8"?>
<!-- Generated by org.testng.reporters.JUnitReportReporter -->
<testsuite hostname="DESKTOP-R95C30S" failures="0" tests="2" name="test.TestLoginPage" time="28.118" errors="0" timestamp="2 Feb 2018 18:11:57 GMT">
  <testcase classname="test.TestLoginPage" name="testLogin" time="9.078"/>
  <testcase classname="test.TestLoginPage" name="testLogin" time="19.040"/>
</testsuite> <!-- test.TestLoginPage -->
