<?xml version="1.0" encoding="UTF-8"?>
<!-- Generated by org.testng.reporters.JUnitReportReporter -->
<testsuite hostname="DESKTOP-R95C30S" failures="0" tests="2" name="test.TestProfilePage" time="40.834" errors="0" timestamp="2 Feb 2018 12:14:14 GMT">
  <testcase classname="test.TestProfilePage" name="testPhone" time="16.823"/>
  <testcase classname="test.TestProfilePage" name="testEmail" time="24.011"/>
</testsuite> <!-- test.TestProfilePage -->
