<?xml version="1.0" encoding="UTF-8"?>
<!-- Generated by org.testng.reporters.JUnitReportReporter -->
<testsuite hostname="DESKTOP-R95C30S" failures="0" tests="2" name="test.TestLoginPage" time="20.725" errors="0" timestamp="5 Feb 2018 11:16:21 GMT">
  <testcase classname="test.TestLoginPage" name="testLogin" time="12.010"/>
  <testcase classname="test.TestLoginPage" name="testLogin" time="8.715"/>
</testsuite> <!-- test.TestLoginPage -->
